2024-04-04 15:03:00,012 [Worker-5: Loading available Gradle versions] INFO  o.e.b.c.i.u.g.PublishedGradleVersions - Gradle version information cache is up-to-date. Trying to read.
2024-04-04 15:03:22,017 [Worker-0: Updating Maven Dependencies] INFO  o.e.m.c.i.l.LifecycleMappingFactory - Using org.eclipse.m2e.jdt.JarLifecycleMapping lifecycle mapping for MavenProject: co.com.rodriguezCaicedo.service.resolveEnigmaApi:resolve-enigma-api:1.0.0 @ C:\Users\jcrod\OneDrive\Desktop\Universidad\sextoSemestre\servicios\Corte2\ApacheCamell\ResolveEnigmaApi\pom.xml.
2024-04-04 15:03:22,017 [Worker-8: Building] INFO  o.e.m.c.i.l.LifecycleMappingFactory - Using org.eclipse.m2e.jdt.JarLifecycleMapping lifecycle mapping for MavenProject: co.com.rodriguezCaicedo.service.resolveEnigmaApi4:resolve-enigma-api4:1.0.0 @ C:\Users\jcrod\OneDrive\Desktop\Universidad\sextoSemestre\servicios\Corte2\ApacheCamell\ResolveEnigmaApi4\pom.xml.
2024-04-04 15:03:25,111 [Worker-8: Building] INFO  o.e.m.c.i.e.AbstractTransferListenerAdapter - Downloaded https://repo.maven.apache.org/maven2/co/com/rodriguezCaicedo/service/resolveEnigmaApi/resolve-enigma-api/1.0.0/resolve-enigma-api-1.0.0.pom
2024-04-04 15:03:25,116 [Worker-8: Building] WARN  o.e.m.c.i.embedder.EclipseLogger - The POM for co.com.rodriguezCaicedo.service.resolveEnigmaApi:resolve-enigma-api:jar:1.0.0 is missing, no dependency information available
2024-04-04 15:03:25,416 [Worker-8: Building] INFO  o.e.m.c.i.e.AbstractTransferListenerAdapter - Downloaded https://repo.maven.apache.org/maven2/co/com/rodriguezCaicedo/service/resolveEnigmaApi/resolve-enigma-api/1.0.0/resolve-enigma-api-1.0.0.jar
2024-04-04 15:03:28,910 [Worker-1: Download sources and javadoc] INFO  o.e.m.c.i.e.AbstractTransferListenerAdapter - Downloaded https://repo.maven.apache.org/maven2/co/com/rodriguezCaicedo/service/resolveEnigmaApi/resolve-enigma-api/1.0.0/resolve-enigma-api-1.0.0-sources.jar
2024-04-04 15:03:28,916 [Worker-1: Download sources and javadoc] ERROR o.e.m.j.internal.DownloadSourcesJob - Could not download sources for co.com.rodriguezCaicedo.service.resolveEnigmaApi:resolve-enigma-api:1.0.0
org.eclipse.core.runtime.CoreException: Could not resolve artifact co.com.rodriguezCaicedo.service.resolveEnigmaApi:resolve-enigma-api:jar:sources:1.0.0
	at org.eclipse.m2e.core.internal.embedder.MavenImpl.lambda$6(MavenImpl.java:584)
	at org.eclipse.m2e.core.internal.embedder.MavenExecutionContext.executeBare(MavenExecutionContext.java:394)
	at org.eclipse.m2e.core.internal.embedder.MavenExecutionContext.execute(MavenExecutionContext.java:228)
	at org.eclipse.m2e.core.internal.embedder.MavenExecutionContext.execute(MavenExecutionContext.java:214)
	at org.eclipse.m2e.core.internal.embedder.MavenImpl.resolve(MavenImpl.java:553)
	at org.eclipse.m2e.core.internal.embedder.MavenImpl.resolve(MavenImpl.java:538)
	at org.eclipse.m2e.jdt.internal.DownloadSourcesJob.download(DownloadSourcesJob.java:308)
	at org.eclipse.m2e.jdt.internal.DownloadSourcesJob.downloadAttachments(DownloadSourcesJob.java:282)
	at org.eclipse.m2e.jdt.internal.DownloadSourcesJob.downloadMaven(DownloadSourcesJob.java:252)
	at org.eclipse.m2e.jdt.internal.DownloadSourcesJob.downloadFilesAndPopulateToUpdate(DownloadSourcesJob.java:220)
	at org.eclipse.m2e.jdt.internal.DownloadSourcesJob.lambda$0(DownloadSourcesJob.java:149)
	at org.eclipse.m2e.core.internal.embedder.MavenExecutionContext.executeBare(MavenExecutionContext.java:394)
	at org.eclipse.m2e.core.internal.embedder.MavenExecutionContext.execute(MavenExecutionContext.java:275)
	at org.eclipse.m2e.core.internal.embedder.MavenExecutionContext.execute(MavenExecutionContext.java:214)
	at org.eclipse.m2e.core.embedder.IMaven.execute(IMaven.java:294)
	at org.eclipse.m2e.jdt.internal.DownloadSourcesJob.run(DownloadSourcesJob.java:149)
	at org.eclipse.core.internal.jobs.Worker.run(Worker.java:63)
2024-04-04 15:03:30,986 [Worker-8: Building] INFO  o.e.m.c.i.embedder.EclipseLogger - Using 'UTF-8' encoding to copy filtered resources.
2024-04-04 15:03:30,994 [Worker-8: Building] INFO  o.e.m.c.i.embedder.EclipseLogger - Copying 1 resource
2024-04-04 15:03:31,012 [Worker-8: Building] INFO  o.e.m.c.i.embedder.EclipseLogger - Copying 0 resource
2024-04-04 15:03:31,017 [Worker-8: Building] INFO  o.e.m.c.i.embedder.EclipseLogger - Using 'UTF-8' encoding to copy filtered resources.
2024-04-04 15:03:31,017 [Worker-8: Building] INFO  o.e.m.c.i.embedder.EclipseLogger - skip non existing resourceDirectory C:\Users\jcrod\OneDrive\Desktop\Universidad\sextoSemestre\servicios\Corte2\ApacheCamell\ResolveEnigmaApi4\src\test\resources
