2024-04-04 15:05:03,744 [Worker-6: Loading available Gradle versions] INFO  o.e.b.c.i.u.g.PublishedGradleVersions - Gradle version information cache is up-to-date. Trying to read.
2024-04-04 15:05:41,347 [Worker-8: Building] INFO  o.e.m.c.i.l.LifecycleMappingFactory - Using org.eclipse.m2e.jdt.JarLifecycleMapping lifecycle mapping for MavenProject: co.com.rodriguezCaicedo.service.resolveEnigmaApi4:resolve-enigma-api4:1.0.0 @ C:\Users\jcrod\OneDrive\Desktop\Universidad\sextoSemestre\servicios\Corte2\ApacheCamell\ResolveEnigmaApi4\pom.xml.
2024-04-04 15:05:41,347 [Worker-5: Updating Maven Dependencies] INFO  o.e.m.c.i.l.LifecycleMappingFactory - Using org.eclipse.m2e.jdt.JarLifecycleMapping lifecycle mapping for MavenProject: co.com.rodriguezCaicedo.service.resolveEnigmaApi4:resolve-enigma-api4:1.0.0 @ C:\Users\jcrod\OneDrive\Desktop\Universidad\sextoSemestre\servicios\Corte2\ApacheCamell\ResolveEnigmaApi4\pom.xml.
2024-04-04 15:05:41,722 [Worker-5: Updating Maven Dependencies] WARN  o.e.m.c.i.embedder.EclipseLogger - The POM for co.com.rodriguezCaicedo.service.resolveEnigmaApi:resolve-enigma-api:jar:1.0.0 is missing, no dependency information available
2024-04-04 15:05:41,807 [Worker-8: Building] WARN  o.e.m.c.i.embedder.EclipseLogger - The POM for co.com.rodriguezCaicedo.service.resolveEnigmaApi:resolve-enigma-api:jar:1.0.0 is missing, no dependency information available
2024-04-04 15:05:43,161 [Worker-8: Building] INFO  o.e.m.c.i.embedder.EclipseLogger - Using 'UTF-8' encoding to copy filtered resources.
2024-04-04 15:05:43,165 [Worker-8: Building] INFO  o.e.m.c.i.embedder.EclipseLogger - Copying 1 resource
2024-04-04 15:05:43,182 [Worker-8: Building] INFO  o.e.m.c.i.embedder.EclipseLogger - Copying 0 resource
2024-04-04 15:05:43,188 [Worker-8: Building] INFO  o.e.m.c.i.embedder.EclipseLogger - Using 'UTF-8' encoding to copy filtered resources.
2024-04-04 15:05:43,188 [Worker-8: Building] INFO  o.e.m.c.i.embedder.EclipseLogger - skip non existing resourceDirectory C:\Users\jcrod\OneDrive\Desktop\Universidad\sextoSemestre\servicios\Corte2\ApacheCamell\ResolveEnigmaApi4\src\test\resources
2024-04-04 15:05:44,971 [Worker-8: Building] WARN  o.e.m.c.i.embedder.EclipseLogger - The POM for co.com.rodriguezCaicedo.service.resolveEnigmaApi:resolve-enigma-api:jar:1.0.0 is missing, no dependency information available
2024-04-04 15:05:45,586 [Worker-7: Updating Maven Dependencies] INFO  o.e.m.c.i.l.LifecycleMappingFactory - Using org.eclipse.m2e.jdt.JarLifecycleMapping lifecycle mapping for MavenProject: co.com.rodriguezCaicedo.service.resolveEnigmaApi4:resolve-enigma-api4:1.0.0 @ C:\Users\jcrod\OneDrive\Desktop\Universidad\sextoSemestre\servicios\Corte2\ApacheCamell\ResolveEnigmaApi4\pom.xml.
2024-04-04 15:05:45,879 [Worker-7: Updating Maven Dependencies] WARN  o.e.m.c.i.embedder.EclipseLogger - The POM for co.com.rodriguezCaicedo.service.resolveEnigmaApi:resolve-enigma-api:jar:1.0.0 is missing, no dependency information available
2024-04-04 15:14:26,685 [Worker-5: Loading available Gradle versions] INFO  o.e.b.c.i.u.g.PublishedGradleVersions - Gradle version information cache is up-to-date. Trying to read.
2024-04-04 15:14:30,442 [Worker-11: Building] WARN  o.e.m.c.i.embedder.EclipseLogger - The POM for co.com.rodriguezCaicedo.service.resolveEnigmaApi:resolve-enigma-api:jar:1.0.0 is missing, no dependency information available
2024-04-04 15:17:26,865 [Worker-8: Importing Maven projects] INFO  o.e.m.c.i.l.LifecycleMappingFactory - Using org.eclipse.m2e.jdt.JarLifecycleMapping lifecycle mapping for MavenProject: co.com.rodriguezCaicedo.service.resolveEnigmaApi3:resolve-enigma-api3:1.0.0 @ C:\Users\jcrod\OneDrive\Desktop\Universidad\sextoSemestre\servicios\Corte2\ApacheCamell\ResolveEnigmaAp3\pom.xml.
2024-04-04 15:17:27,987 [Worker-8: Importing Maven projects] INFO  o.e.m.j.i.AbstractJavaProjectConfigurator - Adding source folder /ResolveEnigmaAp3/src/main/java
2024-04-04 15:17:27,991 [Worker-8: Importing Maven projects] INFO  o.e.m.j.i.AbstractJavaProjectConfigurator - Adding resource folder /ResolveEnigmaAp3/src/main/resources
2024-04-04 15:17:27,993 [Worker-8: Importing Maven projects] INFO  o.e.m.j.i.AbstractJavaProjectConfigurator - Adding resource folder /ResolveEnigmaAp3/src/main/resources
2024-04-04 15:17:27,994 [Worker-8: Importing Maven projects] INFO  o.e.m.j.i.AbstractJavaProjectConfigurator - Adding source folder /ResolveEnigmaAp3/src/test/java
2024-04-04 15:17:27,996 [Worker-8: Importing Maven projects] INFO  o.e.m.j.i.AbstractJavaProjectConfigurator - Adding resource folder /ResolveEnigmaAp3/src/test/resources
2024-04-04 15:17:28,185 [Worker-8: Importing Maven projects] INFO  o.e.m.c.i.p.ProjectConfigurationManager - Imported and configured 1 project(s) in 2 sec
2024-04-04 15:17:28,963 [Worker-1: Building] INFO  o.e.m.c.i.embedder.EclipseLogger - Using 'UTF-8' encoding to copy filtered resources.
2024-04-04 15:17:28,968 [Worker-1: Building] INFO  o.e.m.c.i.embedder.EclipseLogger - Copying 1 resource
2024-04-04 15:17:28,983 [Worker-1: Building] INFO  o.e.m.c.i.embedder.EclipseLogger - Copying 0 resource
2024-04-04 15:17:28,989 [Worker-1: Building] INFO  o.e.m.c.i.embedder.EclipseLogger - Using 'UTF-8' encoding to copy filtered resources.
2024-04-04 15:17:28,989 [Worker-1: Building] INFO  o.e.m.c.i.embedder.EclipseLogger - skip non existing resourceDirectory C:\Users\jcrod\OneDrive\Desktop\Universidad\sextoSemestre\servicios\Corte2\ApacheCamell\ResolveEnigmaAp3\src\test\resources
2024-04-04 15:17:48,377 [Worker-3: Importing Maven projects] INFO  o.e.m.c.i.l.LifecycleMappingFactory - Using org.eclipse.m2e.jdt.JarLifecycleMapping lifecycle mapping for MavenProject: co.com.rodriguezCaicedo.service.resolveEnigmaApi2:resolve-enigma-api2:1.0.0 @ C:\Users\jcrod\OneDrive\Desktop\Universidad\sextoSemestre\servicios\Corte2\ApacheCamell\ResolveEnigmaApi2\pom.xml.
2024-04-04 15:17:48,840 [Worker-3: Importing Maven projects] INFO  o.e.m.j.i.AbstractJavaProjectConfigurator - Adding source folder /ResolveEnigmaApi2/src/main/java
2024-04-04 15:17:48,842 [Worker-3: Importing Maven projects] INFO  o.e.m.j.i.AbstractJavaProjectConfigurator - Adding resource folder /ResolveEnigmaApi2/src/main/resources
2024-04-04 15:17:48,845 [Worker-3: Importing Maven projects] INFO  o.e.m.j.i.AbstractJavaProjectConfigurator - Adding resource folder /ResolveEnigmaApi2/src/main/resources
2024-04-04 15:17:48,846 [Worker-3: Importing Maven projects] INFO  o.e.m.j.i.AbstractJavaProjectConfigurator - Adding source folder /ResolveEnigmaApi2/src/test/java
2024-04-04 15:17:48,848 [Worker-3: Importing Maven projects] INFO  o.e.m.j.i.AbstractJavaProjectConfigurator - Adding resource folder /ResolveEnigmaApi2/src/test/resources
2024-04-04 15:17:49,024 [Worker-3: Importing Maven projects] INFO  o.e.m.c.i.p.ProjectConfigurationManager - Imported and configured 1 project(s) in 0 sec
2024-04-04 15:17:49,480 [Worker-10: Building] INFO  o.e.m.c.i.embedder.EclipseLogger - Using 'UTF-8' encoding to copy filtered resources.
2024-04-04 15:17:49,482 [Worker-10: Building] INFO  o.e.m.c.i.embedder.EclipseLogger - Copying 1 resource
2024-04-04 15:17:49,484 [Worker-10: Building] INFO  o.e.m.c.i.embedder.EclipseLogger - Copying 0 resource
2024-04-04 15:17:49,489 [Worker-10: Building] INFO  o.e.m.c.i.embedder.EclipseLogger - Using 'UTF-8' encoding to copy filtered resources.
2024-04-04 15:17:49,489 [Worker-10: Building] INFO  o.e.m.c.i.embedder.EclipseLogger - skip non existing resourceDirectory C:\Users\jcrod\OneDrive\Desktop\Universidad\sextoSemestre\servicios\Corte2\ApacheCamell\ResolveEnigmaApi2\src\test\resources
2024-04-04 15:18:04,768 [Worker-10: Importing Maven projects] INFO  o.e.m.c.i.l.LifecycleMappingFactory - Using org.eclipse.m2e.jdt.JarLifecycleMapping lifecycle mapping for MavenProject: co.com.rodriguezCaicedo.service.resolveEnigmaApi:resolve-enigma-api:1.0.0 @ C:\Users\jcrod\OneDrive\Desktop\Universidad\sextoSemestre\servicios\Corte2\ApacheCamell\ResolveEnigmaApi\pom.xml.
2024-04-04 15:18:05,131 [Worker-10: Importing Maven projects] INFO  o.e.m.c.i.l.LifecycleMappingFactory - Using org.eclipse.m2e.jdt.JarLifecycleMapping lifecycle mapping for MavenProject: co.com.rodriguezCaicedo.service.resolveEnigmaApi4:resolve-enigma-api4:1.0.0 @ C:\Users\jcrod\OneDrive\Desktop\Universidad\sextoSemestre\servicios\Corte2\ApacheCamell\ResolveEnigmaApi4\pom.xml.
2024-04-04 15:18:05,178 [Worker-10: Importing Maven projects] INFO  o.e.m.c.i.p.WorkspaceClassifierResolverManager - Resolving P/ResolveEnigmaApi: co.com.rodriguezCaicedo.service.resolveEnigmaApi:resolve-enigma-api:1.0.0 with classifier  to /ResolveEnigmaApi/target/classes
2024-04-04 15:18:05,436 [Worker-10: Importing Maven projects] INFO  o.e.m.j.i.AbstractJavaProjectConfigurator - Adding source folder /ResolveEnigmaApi/src/main/java
2024-04-04 15:18:05,437 [Worker-10: Importing Maven projects] INFO  o.e.m.j.i.AbstractJavaProjectConfigurator - Adding resource folder /ResolveEnigmaApi/src/main/resources
2024-04-04 15:18:05,438 [Worker-10: Importing Maven projects] INFO  o.e.m.j.i.AbstractJavaProjectConfigurator - Adding resource folder /ResolveEnigmaApi/src/main/resources
2024-04-04 15:18:05,439 [Worker-10: Importing Maven projects] INFO  o.e.m.j.i.AbstractJavaProjectConfigurator - Adding source folder /ResolveEnigmaApi/src/test/java
2024-04-04 15:18:05,440 [Worker-10: Importing Maven projects] INFO  o.e.m.j.i.AbstractJavaProjectConfigurator - Adding resource folder /ResolveEnigmaApi/src/test/resources
2024-04-04 15:18:05,586 [Worker-10: Importing Maven projects] INFO  o.e.m.c.i.p.ProjectConfigurationManager - Imported and configured 1 project(s) in 1 sec
2024-04-04 15:18:06,046 [Worker-4: Building] INFO  o.e.m.c.i.embedder.EclipseLogger - Using 'UTF-8' encoding to copy filtered resources.
2024-04-04 15:18:06,047 [Worker-4: Building] INFO  o.e.m.c.i.embedder.EclipseLogger - Copying 1 resource
2024-04-04 15:18:06,049 [Worker-4: Building] INFO  o.e.m.c.i.embedder.EclipseLogger - Copying 0 resource
2024-04-04 15:18:06,054 [Worker-4: Building] INFO  o.e.m.c.i.embedder.EclipseLogger - Using 'UTF-8' encoding to copy filtered resources.
2024-04-04 15:18:06,054 [Worker-4: Building] INFO  o.e.m.c.i.embedder.EclipseLogger - skip non existing resourceDirectory C:\Users\jcrod\OneDrive\Desktop\Universidad\sextoSemestre\servicios\Corte2\ApacheCamell\ResolveEnigmaApi\src\test\resources
2024-04-04 15:18:06,332 [Worker-4: Building] INFO  o.e.m.c.i.embedder.EclipseLogger - Using 'UTF-8' encoding to copy filtered resources.
2024-04-04 15:18:06,333 [Worker-4: Building] INFO  o.e.m.c.i.embedder.EclipseLogger - Copying 1 resource
2024-04-04 15:18:06,335 [Worker-4: Building] INFO  o.e.m.c.i.embedder.EclipseLogger - Copying 0 resource
2024-04-04 15:18:06,338 [Worker-4: Building] INFO  o.e.m.c.i.embedder.EclipseLogger - Using 'UTF-8' encoding to copy filtered resources.
2024-04-04 15:18:06,338 [Worker-4: Building] INFO  o.e.m.c.i.embedder.EclipseLogger - skip non existing resourceDirectory C:\Users\jcrod\OneDrive\Desktop\Universidad\sextoSemestre\servicios\Corte2\ApacheCamell\ResolveEnigmaApi4\src\test\resources
2024-04-04 15:23:26,504 [Worker-10: Building] INFO  o.e.m.c.i.l.LifecycleMappingFactory - Using org.eclipse.m2e.jdt.JarLifecycleMapping lifecycle mapping for MavenProject: co.com.rodriguezCaicedo.service.resolveEnigmaApi4:resolve-enigma-api4:1.0.0 @ C:\Users\jcrod\OneDrive\Desktop\Universidad\sextoSemestre\servicios\Corte2\ApacheCamell\ResolveEnigmaApi4\pom.xml.
2024-04-04 15:23:26,813 [Worker-10: Building] INFO  o.e.m.c.i.p.WorkspaceClassifierResolverManager - Resolving P/ResolveEnigmaApi: co.com.rodriguezCaicedo.service.resolveEnigmaApi:resolve-enigma-api:1.0.0 with classifier  to /ResolveEnigmaApi/target/classes
2024-04-04 15:23:26,944 [Worker-10: Building] INFO  o.e.m.c.i.embedder.EclipseLogger - Using 'UTF-8' encoding to copy filtered resources.
2024-04-04 15:23:26,947 [Worker-10: Building] INFO  o.e.m.c.i.embedder.EclipseLogger - Copying 0 resource
2024-04-04 15:23:26,948 [Worker-10: Building] INFO  o.e.m.c.i.embedder.EclipseLogger - Copying 0 resource
2024-04-04 15:23:26,951 [Worker-10: Building] INFO  o.e.m.c.i.embedder.EclipseLogger - Using 'UTF-8' encoding to copy filtered resources.
2024-04-04 15:23:26,952 [Worker-10: Building] INFO  o.e.m.c.i.embedder.EclipseLogger - skip non existing resourceDirectory C:\Users\jcrod\OneDrive\Desktop\Universidad\sextoSemestre\servicios\Corte2\ApacheCamell\ResolveEnigmaApi4\src\test\resources
2024-04-04 15:23:39,573 [Worker-14: Building] ERROR o.e.m.c.i.p.r.ProjectRegistryManager - Could not read pom.xml
org.eclipse.core.runtime.CoreException: Could not read pom.xml
	at org.eclipse.m2e.core.internal.IMavenToolbox.readModel(IMavenToolbox.java:245)
	at org.eclipse.m2e.core.internal.project.registry.ProjectRegistryManager.refreshPhase2(ProjectRegistryManager.java:587)
	at org.eclipse.m2e.core.internal.project.registry.ProjectRegistryManager.refresh(ProjectRegistryManager.java:487)
	at org.eclipse.m2e.core.internal.project.registry.ProjectRegistryManager.refresh(ProjectRegistryManager.java:366)
	at org.eclipse.m2e.core.internal.project.registry.ProjectRegistryManager.refresh(ProjectRegistryManager.java:318)
	at org.eclipse.m2e.core.internal.builder.MavenBuilder$BuildMethod.getProjectFacade(MavenBuilder.java:146)
	at org.eclipse.m2e.core.internal.builder.MavenBuilder$BuildMethod.lambda$0(MavenBuilder.java:84)
	at org.eclipse.m2e.core.internal.embedder.MavenExecutionContext.executeBare(MavenExecutionContext.java:458)
	at org.eclipse.m2e.core.internal.embedder.MavenExecutionContext.execute(MavenExecutionContext.java:339)
	at org.eclipse.m2e.core.internal.embedder.MavenExecutionContext.execute(MavenExecutionContext.java:278)
	at org.eclipse.m2e.core.internal.builder.MavenBuilder$BuildMethod.execute(MavenBuilder.java:83)
	at org.eclipse.m2e.core.internal.builder.MavenBuilder.build(MavenBuilder.java:192)
	at org.eclipse.core.internal.events.BuildManager$2.run(BuildManager.java:1077)
	at org.eclipse.core.runtime.SafeRunner.run(SafeRunner.java:47)
	at org.eclipse.core.internal.events.BuildManager.basicBuild(BuildManager.java:296)
	at org.eclipse.core.internal.events.BuildManager.basicBuild(BuildManager.java:352)
	at org.eclipse.core.internal.events.BuildManager$1.run(BuildManager.java:441)
	at org.eclipse.core.runtime.SafeRunner.run(SafeRunner.java:47)
	at org.eclipse.core.internal.events.BuildManager.basicBuild(BuildManager.java:444)
	at org.eclipse.core.internal.events.BuildManager.basicBuildLoop(BuildManager.java:555)
	at org.eclipse.core.internal.events.BuildManager.basicBuildLoop(BuildManager.java:503)
	at org.eclipse.core.internal.events.BuildManager.build(BuildManager.java:585)
	at org.eclipse.core.internal.events.AutoBuildJob.doBuild(AutoBuildJob.java:207)
	at org.eclipse.core.internal.events.AutoBuildJob.run(AutoBuildJob.java:300)
	at org.eclipse.core.internal.jobs.Worker.run(Worker.java:63)
Caused by: org.apache.maven.model.io.ModelParseException: unexpected character in markup < (position: END_TAG seen ...</dependency>\r\n        \r\n        <<... @73:11) 
	at org.apache.maven.model.io.DefaultModelReader.read(DefaultModelReader.java:96)
	at org.apache.maven.model.io.DefaultModelReader.read(DefaultModelReader.java:74)
	at org.eclipse.m2e.core.internal.IMavenToolbox.readModel(IMavenToolbox.java:243)
	... 24 common frames omitted
Caused by: org.codehaus.plexus.util.xml.pull.XmlPullParserException: unexpected character in markup < (position: END_TAG seen ...</dependency>\r\n        \r\n        <<... @73:11) 
	at org.codehaus.plexus.util.xml.pull.MXParser.nextImpl(MXParser.java:1582)
	at org.codehaus.plexus.util.xml.pull.MXParser.next(MXParser.java:1375)
	at org.codehaus.plexus.util.xml.pull.MXParser.nextTag(MXParser.java:1357)
	at org.apache.maven.model.io.xpp3.MavenXpp3Reader.parseModel(MavenXpp3Reader.java:2317)
	at org.apache.maven.model.io.xpp3.MavenXpp3Reader.read(MavenXpp3Reader.java:623)
	at org.apache.maven.model.io.xpp3.MavenXpp3Reader.read(MavenXpp3Reader.java:654)
	at org.apache.maven.model.io.DefaultModelReader.read(DefaultModelReader.java:93)
	... 26 common frames omitted
2024-04-04 15:23:40,946 [Worker-15: Building] ERROR o.e.m.c.i.p.r.ProjectRegistryManager - Could not read pom.xml
org.eclipse.core.runtime.CoreException: Could not read pom.xml
	at org.eclipse.m2e.core.internal.IMavenToolbox.readModel(IMavenToolbox.java:245)
	at org.eclipse.m2e.core.internal.project.registry.ProjectRegistryManager.refreshPhase2(ProjectRegistryManager.java:587)
	at org.eclipse.m2e.core.internal.project.registry.ProjectRegistryManager.refresh(ProjectRegistryManager.java:487)
	at org.eclipse.m2e.core.internal.project.registry.ProjectRegistryManager.refresh(ProjectRegistryManager.java:366)
	at org.eclipse.m2e.core.internal.project.registry.ProjectRegistryManager.refresh(ProjectRegistryManager.java:318)
	at org.eclipse.m2e.core.internal.builder.MavenBuilder$BuildMethod.getProjectFacade(MavenBuilder.java:146)
	at org.eclipse.m2e.core.internal.builder.MavenBuilder$BuildMethod.lambda$0(MavenBuilder.java:84)
	at org.eclipse.m2e.core.internal.embedder.MavenExecutionContext.executeBare(MavenExecutionContext.java:458)
	at org.eclipse.m2e.core.internal.embedder.MavenExecutionContext.execute(MavenExecutionContext.java:339)
	at org.eclipse.m2e.core.internal.embedder.MavenExecutionContext.execute(MavenExecutionContext.java:278)
	at org.eclipse.m2e.core.internal.builder.MavenBuilder$BuildMethod.execute(MavenBuilder.java:83)
	at org.eclipse.m2e.core.internal.builder.MavenBuilder.build(MavenBuilder.java:192)
	at org.eclipse.core.internal.events.BuildManager$2.run(BuildManager.java:1077)
	at org.eclipse.core.runtime.SafeRunner.run(SafeRunner.java:47)
	at org.eclipse.core.internal.events.BuildManager.basicBuild(BuildManager.java:296)
	at org.eclipse.core.internal.events.BuildManager.basicBuild(BuildManager.java:352)
	at org.eclipse.core.internal.events.BuildManager$1.run(BuildManager.java:441)
	at org.eclipse.core.runtime.SafeRunner.run(SafeRunner.java:47)
	at org.eclipse.core.internal.events.BuildManager.basicBuild(BuildManager.java:444)
	at org.eclipse.core.internal.events.BuildManager.basicBuildLoop(BuildManager.java:555)
	at org.eclipse.core.internal.events.BuildManager.basicBuildLoop(BuildManager.java:503)
	at org.eclipse.core.internal.events.BuildManager.build(BuildManager.java:585)
	at org.eclipse.core.internal.events.AutoBuildJob.doBuild(AutoBuildJob.java:207)
	at org.eclipse.core.internal.events.AutoBuildJob.run(AutoBuildJob.java:300)
	at org.eclipse.core.internal.jobs.Worker.run(Worker.java:63)
Caused by: org.apache.maven.model.io.ModelParseException: unexpected character in markup < (position: END_TAG seen ...</dependency>\r\n        \r\n        <<... @73:11) 
	at org.apache.maven.model.io.DefaultModelReader.read(DefaultModelReader.java:96)
	at org.apache.maven.model.io.DefaultModelReader.read(DefaultModelReader.java:74)
	at org.eclipse.m2e.core.internal.IMavenToolbox.readModel(IMavenToolbox.java:243)
	... 24 common frames omitted
Caused by: org.codehaus.plexus.util.xml.pull.XmlPullParserException: unexpected character in markup < (position: END_TAG seen ...</dependency>\r\n        \r\n        <<... @73:11) 
	at org.codehaus.plexus.util.xml.pull.MXParser.nextImpl(MXParser.java:1582)
	at org.codehaus.plexus.util.xml.pull.MXParser.next(MXParser.java:1375)
	at org.codehaus.plexus.util.xml.pull.MXParser.nextTag(MXParser.java:1357)
	at org.apache.maven.model.io.xpp3.MavenXpp3Reader.parseModel(MavenXpp3Reader.java:2317)
	at org.apache.maven.model.io.xpp3.MavenXpp3Reader.read(MavenXpp3Reader.java:623)
	at org.apache.maven.model.io.xpp3.MavenXpp3Reader.read(MavenXpp3Reader.java:654)
	at org.apache.maven.model.io.DefaultModelReader.read(DefaultModelReader.java:93)
	... 26 common frames omitted
2024-04-04 15:23:41,957 [Worker-8: reload maven project] INFO  o.e.m.c.i.p.WorkspaceClassifierResolverManager - Resolving P/ResolveEnigmaApi: co.com.rodriguezCaicedo.service.resolveEnigmaApi:resolve-enigma-api:1.0.0 with classifier  to /ResolveEnigmaApi/target/classes
2024-04-04 15:23:42,396 [Worker-8: reload maven project] INFO  o.e.m.c.i.p.WorkspaceClassifierResolverManager - Resolving P/ResolveEnigmaApi: co.com.rodriguezCaicedo.service.resolveEnigmaApi:resolve-enigma-api:1.0.0 with classifier  to /ResolveEnigmaApi/target/classes
2024-04-04 15:23:42,437 [Worker-14: Building] INFO  o.e.m.c.i.l.LifecycleMappingFactory - Using org.eclipse.m2e.jdt.JarLifecycleMapping lifecycle mapping for MavenProject: co.com.rodriguezCaicedo.service.resolveEnigmaApi4:resolve-enigma-api4:1.0.0 @ C:\Users\jcrod\OneDrive\Desktop\Universidad\sextoSemestre\servicios\Corte2\ApacheCamell\ResolveEnigmaApi4\pom.xml.
2024-04-04 15:23:42,774 [Worker-14: Building] INFO  o.e.m.c.i.p.WorkspaceClassifierResolverManager - Resolving P/ResolveEnigmaApi: co.com.rodriguezCaicedo.service.resolveEnigmaApi:resolve-enigma-api:1.0.0 with classifier  to /ResolveEnigmaApi/target/classes
2024-04-04 15:23:42,894 [Worker-14: Building] INFO  o.e.m.c.i.embedder.EclipseLogger - Using 'UTF-8' encoding to copy filtered resources.
2024-04-04 15:23:42,895 [Worker-14: Building] INFO  o.e.m.c.i.embedder.EclipseLogger - Copying 1 resource
2024-04-04 15:23:42,897 [Worker-14: Building] INFO  o.e.m.c.i.embedder.EclipseLogger - Copying 0 resource
2024-04-04 15:23:42,900 [Worker-14: Building] INFO  o.e.m.c.i.embedder.EclipseLogger - Using 'UTF-8' encoding to copy filtered resources.
2024-04-04 15:23:42,901 [Worker-14: Building] INFO  o.e.m.c.i.embedder.EclipseLogger - skip non existing resourceDirectory C:\Users\jcrod\OneDrive\Desktop\Universidad\sextoSemestre\servicios\Corte2\ApacheCamell\ResolveEnigmaApi4\src\test\resources
2024-04-04 15:23:44,327 [Worker-10: Building] INFO  o.e.m.c.i.embedder.EclipseLogger - Using 'UTF-8' encoding to copy filtered resources.
2024-04-04 15:23:44,328 [Worker-10: Building] INFO  o.e.m.c.i.embedder.EclipseLogger - Copying 1 resource
2024-04-04 15:23:44,329 [Worker-10: Building] INFO  o.e.m.c.i.embedder.EclipseLogger - Copying 0 resource
2024-04-04 15:23:44,332 [Worker-10: Building] INFO  o.e.m.c.i.embedder.EclipseLogger - Using 'UTF-8' encoding to copy filtered resources.
2024-04-04 15:23:44,332 [Worker-10: Building] INFO  o.e.m.c.i.embedder.EclipseLogger - skip non existing resourceDirectory C:\Users\jcrod\OneDrive\Desktop\Universidad\sextoSemestre\servicios\Corte2\ApacheCamell\ResolveEnigmaApi4\src\test\resources
2024-04-04 15:23:57,172 [Worker-17: Building] INFO  o.e.m.c.i.l.LifecycleMappingFactory - Using org.eclipse.m2e.jdt.JarLifecycleMapping lifecycle mapping for MavenProject: co.com.rodriguezCaicedo.service.resolveEnigmaApi4:resolve-enigma-api4:1.0.0 @ C:\Users\jcrod\OneDrive\Desktop\Universidad\sextoSemestre\servicios\Corte2\ApacheCamell\ResolveEnigmaApi4\pom.xml.
2024-04-04 15:23:57,625 [Worker-17: Building] INFO  o.e.m.c.i.p.WorkspaceClassifierResolverManager - Resolving P/ResolveEnigmaApi: co.com.rodriguezCaicedo.service.resolveEnigmaApi:resolve-enigma-api:1.0.0 with classifier  to /ResolveEnigmaApi/target/classes
2024-04-04 15:23:57,800 [Worker-17: Building] INFO  o.e.m.c.i.embedder.EclipseLogger - Using 'UTF-8' encoding to copy filtered resources.
2024-04-04 15:23:57,801 [Worker-17: Building] INFO  o.e.m.c.i.embedder.EclipseLogger - Copying 0 resource
2024-04-04 15:23:57,802 [Worker-17: Building] INFO  o.e.m.c.i.embedder.EclipseLogger - Copying 0 resource
2024-04-04 15:23:57,806 [Worker-17: Building] INFO  o.e.m.c.i.embedder.EclipseLogger - Using 'UTF-8' encoding to copy filtered resources.
2024-04-04 15:23:57,806 [Worker-17: Building] INFO  o.e.m.c.i.embedder.EclipseLogger - skip non existing resourceDirectory C:\Users\jcrod\OneDrive\Desktop\Universidad\sextoSemestre\servicios\Corte2\ApacheCamell\ResolveEnigmaApi4\src\test\resources
2024-04-04 15:23:59,236 [Worker-18: Building] INFO  o.e.m.c.i.embedder.EclipseLogger - Using 'UTF-8' encoding to copy filtered resources.
2024-04-04 15:23:59,237 [Worker-18: Building] INFO  o.e.m.c.i.embedder.EclipseLogger - Copying 1 resource
2024-04-04 15:23:59,238 [Worker-18: Building] INFO  o.e.m.c.i.embedder.EclipseLogger - Copying 0 resource
2024-04-04 15:23:59,242 [Worker-18: Building] INFO  o.e.m.c.i.embedder.EclipseLogger - Using 'UTF-8' encoding to copy filtered resources.
2024-04-04 15:23:59,242 [Worker-18: Building] INFO  o.e.m.c.i.embedder.EclipseLogger - skip non existing resourceDirectory C:\Users\jcrod\OneDrive\Desktop\Universidad\sextoSemestre\servicios\Corte2\ApacheCamell\ResolveEnigmaApi4\src\test\resources
2024-04-04 15:25:01,492 [Worker-8: Building] INFO  o.e.m.c.i.embedder.EclipseLogger - Using 'UTF-8' encoding to copy filtered resources.
2024-04-04 15:25:01,493 [Worker-8: Building] INFO  o.e.m.c.i.embedder.EclipseLogger - Copying 1 resource
2024-04-04 15:25:01,495 [Worker-8: Building] INFO  o.e.m.c.i.embedder.EclipseLogger - Copying 0 resource
2024-04-04 15:25:01,497 [Worker-8: Building] INFO  o.e.m.c.i.embedder.EclipseLogger - Using 'UTF-8' encoding to copy filtered resources.
2024-04-04 15:25:01,498 [Worker-8: Building] INFO  o.e.m.c.i.embedder.EclipseLogger - skip non existing resourceDirectory C:\Users\jcrod\OneDrive\Desktop\Universidad\sextoSemestre\servicios\Corte2\ApacheCamell\ResolveEnigmaApi4\src\test\resources
2024-04-04 15:25:13,628 [Worker-20: Building] INFO  o.e.m.c.i.embedder.EclipseLogger - Using 'UTF-8' encoding to copy filtered resources.
2024-04-04 15:25:13,629 [Worker-20: Building] INFO  o.e.m.c.i.embedder.EclipseLogger - Copying 1 resource
2024-04-04 15:25:13,631 [Worker-20: Building] INFO  o.e.m.c.i.embedder.EclipseLogger - Copying 0 resource
2024-04-04 15:25:13,634 [Worker-20: Building] INFO  o.e.m.c.i.embedder.EclipseLogger - Using 'UTF-8' encoding to copy filtered resources.
2024-04-04 15:25:13,634 [Worker-20: Building] INFO  o.e.m.c.i.embedder.EclipseLogger - skip non existing resourceDirectory C:\Users\jcrod\OneDrive\Desktop\Universidad\sextoSemestre\servicios\Corte2\ApacheCamell\ResolveEnigmaApi4\src\test\resources
2024-04-04 15:25:53,258 [Worker-20: Building] INFO  o.e.m.c.i.embedder.EclipseLogger - Using 'UTF-8' encoding to copy filtered resources.
2024-04-04 15:25:53,259 [Worker-20: Building] INFO  o.e.m.c.i.embedder.EclipseLogger - Copying 1 resource
2024-04-04 15:25:53,261 [Worker-20: Building] INFO  o.e.m.c.i.embedder.EclipseLogger - Copying 0 resource
2024-04-04 15:25:53,264 [Worker-20: Building] INFO  o.e.m.c.i.embedder.EclipseLogger - Using 'UTF-8' encoding to copy filtered resources.
2024-04-04 15:25:53,264 [Worker-20: Building] INFO  o.e.m.c.i.embedder.EclipseLogger - skip non existing resourceDirectory C:\Users\jcrod\OneDrive\Desktop\Universidad\sextoSemestre\servicios\Corte2\ApacheCamell\ResolveEnigmaApi4\src\test\resources
2024-04-04 15:28:20,142 [Worker-16: Building] INFO  o.e.m.c.i.embedder.EclipseLogger - Using 'UTF-8' encoding to copy filtered resources.
2024-04-04 15:28:20,143 [Worker-16: Building] INFO  o.e.m.c.i.embedder.EclipseLogger - Copying 1 resource
2024-04-04 15:28:20,145 [Worker-16: Building] INFO  o.e.m.c.i.embedder.EclipseLogger - Copying 0 resource
2024-04-04 15:28:20,147 [Worker-16: Building] INFO  o.e.m.c.i.embedder.EclipseLogger - Using 'UTF-8' encoding to copy filtered resources.
2024-04-04 15:28:20,148 [Worker-16: Building] INFO  o.e.m.c.i.embedder.EclipseLogger - skip non existing resourceDirectory C:\Users\jcrod\OneDrive\Desktop\Universidad\sextoSemestre\servicios\Corte2\ApacheCamell\ResolveEnigmaApi4\src\test\resources
2024-04-04 15:29:01,778 [Worker-16: Building] INFO  o.e.m.c.i.embedder.EclipseLogger - Using 'UTF-8' encoding to copy filtered resources.
2024-04-04 15:29:01,779 [Worker-16: Building] INFO  o.e.m.c.i.embedder.EclipseLogger - Copying 1 resource
2024-04-04 15:29:01,781 [Worker-16: Building] INFO  o.e.m.c.i.embedder.EclipseLogger - Copying 0 resource
2024-04-04 15:29:01,784 [Worker-16: Building] INFO  o.e.m.c.i.embedder.EclipseLogger - Using 'UTF-8' encoding to copy filtered resources.
2024-04-04 15:29:01,785 [Worker-16: Building] INFO  o.e.m.c.i.embedder.EclipseLogger - skip non existing resourceDirectory C:\Users\jcrod\OneDrive\Desktop\Universidad\sextoSemestre\servicios\Corte2\ApacheCamell\ResolveEnigmaApi4\src\test\resources
2024-04-04 15:30:35,371 [Worker-24: Building] INFO  o.e.m.c.i.embedder.EclipseLogger - Using 'UTF-8' encoding to copy filtered resources.
2024-04-04 15:30:35,373 [Worker-24: Building] INFO  o.e.m.c.i.embedder.EclipseLogger - Copying 1 resource
2024-04-04 15:30:35,374 [Worker-24: Building] INFO  o.e.m.c.i.embedder.EclipseLogger - Copying 0 resource
2024-04-04 15:30:35,377 [Worker-24: Building] INFO  o.e.m.c.i.embedder.EclipseLogger - Using 'UTF-8' encoding to copy filtered resources.
2024-04-04 15:30:35,377 [Worker-24: Building] INFO  o.e.m.c.i.embedder.EclipseLogger - skip non existing resourceDirectory C:\Users\jcrod\OneDrive\Desktop\Universidad\sextoSemestre\servicios\Corte2\ApacheCamell\ResolveEnigmaApi4\src\test\resources
2024-04-04 15:30:49,097 [Worker-26: Building] INFO  o.e.m.c.i.embedder.EclipseLogger - Using 'UTF-8' encoding to copy filtered resources.
2024-04-04 15:30:49,098 [Worker-26: Building] INFO  o.e.m.c.i.embedder.EclipseLogger - Copying 1 resource
2024-04-04 15:30:49,100 [Worker-26: Building] INFO  o.e.m.c.i.embedder.EclipseLogger - Copying 0 resource
2024-04-04 15:30:49,104 [Worker-26: Building] INFO  o.e.m.c.i.embedder.EclipseLogger - Using 'UTF-8' encoding to copy filtered resources.
2024-04-04 15:30:49,104 [Worker-26: Building] INFO  o.e.m.c.i.embedder.EclipseLogger - skip non existing resourceDirectory C:\Users\jcrod\OneDrive\Desktop\Universidad\sextoSemestre\servicios\Corte2\ApacheCamell\ResolveEnigmaApi4\src\test\resources
2024-04-04 15:31:32,530 [Worker-23: Building] INFO  o.e.m.c.i.embedder.EclipseLogger - Using 'UTF-8' encoding to copy filtered resources.
2024-04-04 15:31:32,531 [Worker-23: Building] INFO  o.e.m.c.i.embedder.EclipseLogger - Copying 1 resource
2024-04-04 15:31:32,532 [Worker-23: Building] INFO  o.e.m.c.i.embedder.EclipseLogger - Copying 0 resource
2024-04-04 15:31:32,537 [Worker-23: Building] INFO  o.e.m.c.i.embedder.EclipseLogger - Using 'UTF-8' encoding to copy filtered resources.
2024-04-04 15:31:32,537 [Worker-23: Building] INFO  o.e.m.c.i.embedder.EclipseLogger - skip non existing resourceDirectory C:\Users\jcrod\OneDrive\Desktop\Universidad\sextoSemestre\servicios\Corte2\ApacheCamell\ResolveEnigmaApi4\src\test\resources
2024-04-04 15:32:23,239 [Worker-24: Building] INFO  o.e.m.c.i.embedder.EclipseLogger - Using 'UTF-8' encoding to copy filtered resources.
2024-04-04 15:32:23,240 [Worker-24: Building] INFO  o.e.m.c.i.embedder.EclipseLogger - Copying 1 resource
2024-04-04 15:32:23,241 [Worker-24: Building] INFO  o.e.m.c.i.embedder.EclipseLogger - Copying 0 resource
2024-04-04 15:32:23,243 [Worker-24: Building] INFO  o.e.m.c.i.embedder.EclipseLogger - Using 'UTF-8' encoding to copy filtered resources.
2024-04-04 15:32:23,244 [Worker-24: Building] INFO  o.e.m.c.i.embedder.EclipseLogger - skip non existing resourceDirectory C:\Users\jcrod\OneDrive\Desktop\Universidad\sextoSemestre\servicios\Corte2\ApacheCamell\ResolveEnigmaApi4\src\test\resources
2024-04-04 15:32:41,086 [Worker-22: Building] INFO  o.e.m.c.i.embedder.EclipseLogger - Using 'UTF-8' encoding to copy filtered resources.
2024-04-04 15:32:41,087 [Worker-22: Building] INFO  o.e.m.c.i.embedder.EclipseLogger - Copying 1 resource
2024-04-04 15:32:41,089 [Worker-22: Building] INFO  o.e.m.c.i.embedder.EclipseLogger - Copying 0 resource
2024-04-04 15:32:41,092 [Worker-22: Building] INFO  o.e.m.c.i.embedder.EclipseLogger - Using 'UTF-8' encoding to copy filtered resources.
2024-04-04 15:32:41,092 [Worker-22: Building] INFO  o.e.m.c.i.embedder.EclipseLogger - skip non existing resourceDirectory C:\Users\jcrod\OneDrive\Desktop\Universidad\sextoSemestre\servicios\Corte2\ApacheCamell\ResolveEnigmaApi4\src\test\resources
2024-04-04 15:32:48,219 [Worker-23: Building] INFO  o.e.m.c.i.embedder.EclipseLogger - Using 'UTF-8' encoding to copy filtered resources.
2024-04-04 15:32:48,220 [Worker-23: Building] INFO  o.e.m.c.i.embedder.EclipseLogger - Copying 1 resource
2024-04-04 15:32:48,222 [Worker-23: Building] INFO  o.e.m.c.i.embedder.EclipseLogger - Copying 0 resource
2024-04-04 15:32:48,224 [Worker-23: Building] INFO  o.e.m.c.i.embedder.EclipseLogger - Using 'UTF-8' encoding to copy filtered resources.
2024-04-04 15:32:48,224 [Worker-23: Building] INFO  o.e.m.c.i.embedder.EclipseLogger - skip non existing resourceDirectory C:\Users\jcrod\OneDrive\Desktop\Universidad\sextoSemestre\servicios\Corte2\ApacheCamell\ResolveEnigmaApi4\src\test\resources
2024-04-04 15:33:01,000 [Worker-23: Building] INFO  o.e.m.c.i.embedder.EclipseLogger - Using 'UTF-8' encoding to copy filtered resources.
2024-04-04 15:33:01,001 [Worker-23: Building] INFO  o.e.m.c.i.embedder.EclipseLogger - Copying 1 resource
2024-04-04 15:33:01,003 [Worker-23: Building] INFO  o.e.m.c.i.embedder.EclipseLogger - Copying 0 resource
2024-04-04 15:33:01,007 [Worker-23: Building] INFO  o.e.m.c.i.embedder.EclipseLogger - Using 'UTF-8' encoding to copy filtered resources.
2024-04-04 15:33:01,007 [Worker-23: Building] INFO  o.e.m.c.i.embedder.EclipseLogger - skip non existing resourceDirectory C:\Users\jcrod\OneDrive\Desktop\Universidad\sextoSemestre\servicios\Corte2\ApacheCamell\ResolveEnigmaApi4\src\test\resources
2024-04-04 15:35:56,763 [Worker-27: Building] INFO  o.e.m.c.i.embedder.EclipseLogger - Using 'UTF-8' encoding to copy filtered resources.
2024-04-04 15:35:56,764 [Worker-27: Building] INFO  o.e.m.c.i.embedder.EclipseLogger - Copying 1 resource
2024-04-04 15:35:56,766 [Worker-27: Building] INFO  o.e.m.c.i.embedder.EclipseLogger - Copying 0 resource
2024-04-04 15:35:56,768 [Worker-27: Building] INFO  o.e.m.c.i.embedder.EclipseLogger - Using 'UTF-8' encoding to copy filtered resources.
2024-04-04 15:35:56,768 [Worker-27: Building] INFO  o.e.m.c.i.embedder.EclipseLogger - skip non existing resourceDirectory C:\Users\jcrod\OneDrive\Desktop\Universidad\sextoSemestre\servicios\Corte2\ApacheCamell\ResolveEnigmaApi4\src\test\resources
2024-04-04 15:36:03,253 [Worker-28: Building] INFO  o.e.m.c.i.embedder.EclipseLogger - Using 'UTF-8' encoding to copy filtered resources.
2024-04-04 15:36:03,256 [Worker-28: Building] INFO  o.e.m.c.i.embedder.EclipseLogger - Copying 1 resource
2024-04-04 15:36:03,259 [Worker-28: Building] INFO  o.e.m.c.i.embedder.EclipseLogger - Copying 0 resource
2024-04-04 15:36:03,263 [Worker-28: Building] INFO  o.e.m.c.i.embedder.EclipseLogger - Using 'UTF-8' encoding to copy filtered resources.
2024-04-04 15:36:03,264 [Worker-28: Building] INFO  o.e.m.c.i.embedder.EclipseLogger - skip non existing resourceDirectory C:\Users\jcrod\OneDrive\Desktop\Universidad\sextoSemestre\servicios\Corte2\ApacheCamell\ResolveEnigmaApi4\src\test\resources
2024-04-04 15:37:59,942 [Worker-28: Launching ResolveEnigmaApi4 - ResolveEnigmaApplication] INFO  o.e.m.c.i.p.WorkspaceClassifierResolverManager - Resolving P/ResolveEnigmaApi: co.com.rodriguezCaicedo.service.resolveEnigmaApi:resolve-enigma-api:1.0.0 with classifier null to /ResolveEnigmaApi/target/classes
2024-04-04 15:38:00,096 [Worker-28: Launching ResolveEnigmaApi4 - ResolveEnigmaApplication] INFO  o.e.m.c.i.p.WorkspaceClassifierResolverManager - Resolving P/ResolveEnigmaApi: co.com.rodriguezCaicedo.service.resolveEnigmaApi:resolve-enigma-api:1.0.0 with classifier null to /ResolveEnigmaApi/target/classes
2024-04-04 15:38:00,237 [Worker-28: Launching ResolveEnigmaApi4 - ResolveEnigmaApplication] INFO  o.e.m.c.i.p.WorkspaceClassifierResolverManager - Resolving P/ResolveEnigmaApi: co.com.rodriguezCaicedo.service.resolveEnigmaApi:resolve-enigma-api:1.0.0 with classifier null to /ResolveEnigmaApi/target/classes
2024-04-04 15:38:54,242 [Worker-30: Updating Maven Project] INFO  o.e.m.c.i.p.ProjectConfigurationManager - Update started
2024-04-04 15:38:54,406 [Worker-30: Updating Maven Project] INFO  o.e.m.c.i.l.LifecycleMappingFactory - Using org.eclipse.m2e.jdt.JarLifecycleMapping lifecycle mapping for MavenProject: co.com.rodriguezCaicedo.service.resolveEnigmaApi4:resolve-enigma-api4:1.0.0 @ C:\Users\jcrod\OneDrive\Desktop\Universidad\sextoSemestre\servicios\Corte2\ApacheCamell\ResolveEnigmaApi4\pom.xml.
2024-04-04 15:38:54,858 [Worker-30: Updating Maven Project] INFO  o.e.m.c.i.p.WorkspaceClassifierResolverManager - Resolving P/ResolveEnigmaApi: co.com.rodriguezCaicedo.service.resolveEnigmaApi:resolve-enigma-api:1.0.0 with classifier  to /ResolveEnigmaApi/target/classes
2024-04-04 15:38:55,051 [Worker-30: Updating Maven Project] INFO  o.e.m.j.i.AbstractJavaProjectConfigurator - Adding source folder /ResolveEnigmaApi4/src/main/java
2024-04-04 15:38:55,052 [Worker-30: Updating Maven Project] INFO  o.e.m.j.i.AbstractJavaProjectConfigurator - Adding resource folder /ResolveEnigmaApi4/src/main/resources
2024-04-04 15:38:55,053 [Worker-30: Updating Maven Project] INFO  o.e.m.j.i.AbstractJavaProjectConfigurator - Adding resource folder /ResolveEnigmaApi4/src/main/resources
2024-04-04 15:38:55,054 [Worker-30: Updating Maven Project] INFO  o.e.m.j.i.AbstractJavaProjectConfigurator - Adding source folder /ResolveEnigmaApi4/src/test/java
2024-04-04 15:38:55,055 [Worker-30: Updating Maven Project] INFO  o.e.m.j.i.AbstractJavaProjectConfigurator - Adding resource folder /ResolveEnigmaApi4/src/test/resources
2024-04-04 15:38:55,353 [Worker-30: Updating Maven Project] INFO  o.e.m.c.i.p.ProjectConfigurationManager - Update completed for 1 poms: local refresh takes 0,00 sec, refresh facades takes 0,00 sec, update config takes 0,00 sec 
2024-04-04 15:38:55,603 [Worker-27: Building] INFO  o.e.m.c.i.embedder.EclipseLogger - Using 'UTF-8' encoding to copy filtered resources.
2024-04-04 15:38:55,604 [Worker-27: Building] INFO  o.e.m.c.i.embedder.EclipseLogger - Copying 1 resource
2024-04-04 15:38:55,605 [Worker-27: Building] INFO  o.e.m.c.i.embedder.EclipseLogger - Copying 0 resource
2024-04-04 15:38:55,608 [Worker-27: Building] INFO  o.e.m.c.i.embedder.EclipseLogger - Using 'UTF-8' encoding to copy filtered resources.
2024-04-04 15:38:55,608 [Worker-27: Building] INFO  o.e.m.c.i.embedder.EclipseLogger - skip non existing resourceDirectory C:\Users\jcrod\OneDrive\Desktop\Universidad\sextoSemestre\servicios\Corte2\ApacheCamell\ResolveEnigmaApi4\src\test\resources
2024-04-04 15:39:10,124 [Worker-28: Launching ResolveEnigmaApi4 - ResolveEnigmaApplication] INFO  o.e.m.c.i.p.WorkspaceClassifierResolverManager - Resolving P/ResolveEnigmaApi: co.com.rodriguezCaicedo.service.resolveEnigmaApi:resolve-enigma-api:1.0.0 with classifier null to /ResolveEnigmaApi/target/classes
2024-04-04 15:39:10,219 [Worker-28: Launching ResolveEnigmaApi4 - ResolveEnigmaApplication] INFO  o.e.m.c.i.p.WorkspaceClassifierResolverManager - Resolving P/ResolveEnigmaApi: co.com.rodriguezCaicedo.service.resolveEnigmaApi:resolve-enigma-api:1.0.0 with classifier null to /ResolveEnigmaApi/target/classes
2024-04-04 15:39:10,314 [Worker-28: Launching ResolveEnigmaApi4 - ResolveEnigmaApplication] INFO  o.e.m.c.i.p.WorkspaceClassifierResolverManager - Resolving P/ResolveEnigmaApi: co.com.rodriguezCaicedo.service.resolveEnigmaApi:resolve-enigma-api:1.0.0 with classifier null to /ResolveEnigmaApi/target/classes
2024-04-04 15:40:53,382 [Worker-34: Building] INFO  o.e.m.c.i.embedder.EclipseLogger - Using 'UTF-8' encoding to copy filtered resources.
2024-04-04 15:40:53,382 [Worker-34: Building] INFO  o.e.m.c.i.embedder.EclipseLogger - Copying 1 resource
2024-04-04 15:40:53,384 [Worker-34: Building] INFO  o.e.m.c.i.embedder.EclipseLogger - Copying 0 resource
2024-04-04 15:40:53,387 [Worker-34: Building] INFO  o.e.m.c.i.embedder.EclipseLogger - Using 'UTF-8' encoding to copy filtered resources.
2024-04-04 15:40:53,387 [Worker-34: Building] INFO  o.e.m.c.i.embedder.EclipseLogger - skip non existing resourceDirectory C:\Users\jcrod\OneDrive\Desktop\Universidad\sextoSemestre\servicios\Corte2\ApacheCamell\ResolveEnigmaAp3\src\test\resources
2024-04-04 15:40:53,673 [Worker-34: Building] INFO  o.e.m.c.i.embedder.EclipseLogger - Using 'UTF-8' encoding to copy filtered resources.
2024-04-04 15:40:53,673 [Worker-34: Building] INFO  o.e.m.c.i.embedder.EclipseLogger - Copying 1 resource
2024-04-04 15:40:53,675 [Worker-34: Building] INFO  o.e.m.c.i.embedder.EclipseLogger - Copying 0 resource
2024-04-04 15:40:53,677 [Worker-34: Building] INFO  o.e.m.c.i.embedder.EclipseLogger - Using 'UTF-8' encoding to copy filtered resources.
2024-04-04 15:40:53,679 [Worker-34: Building] INFO  o.e.m.c.i.embedder.EclipseLogger - skip non existing resourceDirectory C:\Users\jcrod\OneDrive\Desktop\Universidad\sextoSemestre\servicios\Corte2\ApacheCamell\ResolveEnigmaApi\src\test\resources
2024-04-04 15:40:53,936 [Worker-34: Building] INFO  o.e.m.c.i.embedder.EclipseLogger - Using 'UTF-8' encoding to copy filtered resources.
2024-04-04 15:40:53,936 [Worker-34: Building] INFO  o.e.m.c.i.embedder.EclipseLogger - Copying 1 resource
2024-04-04 15:40:53,938 [Worker-34: Building] INFO  o.e.m.c.i.embedder.EclipseLogger - Copying 0 resource
2024-04-04 15:40:53,942 [Worker-34: Building] INFO  o.e.m.c.i.embedder.EclipseLogger - Using 'UTF-8' encoding to copy filtered resources.
2024-04-04 15:40:53,942 [Worker-34: Building] INFO  o.e.m.c.i.embedder.EclipseLogger - skip non existing resourceDirectory C:\Users\jcrod\OneDrive\Desktop\Universidad\sextoSemestre\servicios\Corte2\ApacheCamell\ResolveEnigmaApi2\src\test\resources
2024-04-04 15:40:54,233 [Worker-34: Building] INFO  o.e.m.c.i.embedder.EclipseLogger - Using 'UTF-8' encoding to copy filtered resources.
2024-04-04 15:40:54,233 [Worker-34: Building] INFO  o.e.m.c.i.embedder.EclipseLogger - Copying 1 resource
2024-04-04 15:40:54,235 [Worker-34: Building] INFO  o.e.m.c.i.embedder.EclipseLogger - Copying 0 resource
2024-04-04 15:40:54,238 [Worker-34: Building] INFO  o.e.m.c.i.embedder.EclipseLogger - Using 'UTF-8' encoding to copy filtered resources.
2024-04-04 15:40:54,238 [Worker-34: Building] INFO  o.e.m.c.i.embedder.EclipseLogger - skip non existing resourceDirectory C:\Users\jcrod\OneDrive\Desktop\Universidad\sextoSemestre\servicios\Corte2\ApacheCamell\ResolveEnigmaApi4\src\test\resources
2024-04-04 15:41:08,602 [Worker-31: Launching ResolveEnigmaApi4 - ResolveEnigmaApplication] INFO  o.e.m.c.i.p.WorkspaceClassifierResolverManager - Resolving P/ResolveEnigmaApi: co.com.rodriguezCaicedo.service.resolveEnigmaApi:resolve-enigma-api:1.0.0 with classifier null to /ResolveEnigmaApi/target/classes
2024-04-04 15:44:09,060 [Worker-31: Building] INFO  o.e.m.c.i.embedder.EclipseLogger - Using 'UTF-8' encoding to copy filtered resources.
2024-04-04 15:44:09,061 [Worker-31: Building] INFO  o.e.m.c.i.embedder.EclipseLogger - Copying 1 resource
2024-04-04 15:44:09,064 [Worker-31: Building] INFO  o.e.m.c.i.embedder.EclipseLogger - Copying 0 resource
2024-04-04 15:44:09,068 [Worker-31: Building] INFO  o.e.m.c.i.embedder.EclipseLogger - Using 'UTF-8' encoding to copy filtered resources.
2024-04-04 15:44:09,068 [Worker-31: Building] INFO  o.e.m.c.i.embedder.EclipseLogger - skip non existing resourceDirectory C:\Users\jcrod\OneDrive\Desktop\Universidad\sextoSemestre\servicios\Corte2\ApacheCamell\ResolveEnigmaApi4\src\test\resources
2024-04-04 15:44:36,875 [Worker-42: Building] INFO  o.e.m.c.i.embedder.EclipseLogger - Using 'UTF-8' encoding to copy filtered resources.
2024-04-04 15:44:36,876 [Worker-42: Building] INFO  o.e.m.c.i.embedder.EclipseLogger - Copying 1 resource
2024-04-04 15:44:36,878 [Worker-42: Building] INFO  o.e.m.c.i.embedder.EclipseLogger - Copying 0 resource
2024-04-04 15:44:36,879 [Worker-42: Building] INFO  o.e.m.c.i.embedder.EclipseLogger - Using 'UTF-8' encoding to copy filtered resources.
2024-04-04 15:44:36,880 [Worker-42: Building] INFO  o.e.m.c.i.embedder.EclipseLogger - skip non existing resourceDirectory C:\Users\jcrod\OneDrive\Desktop\Universidad\sextoSemestre\servicios\Corte2\ApacheCamell\ResolveEnigmaApi4\src\test\resources
2024-04-04 15:44:45,538 [Worker-31: Building] INFO  o.e.m.c.i.embedder.EclipseLogger - Using 'UTF-8' encoding to copy filtered resources.
2024-04-04 15:44:45,540 [Worker-31: Building] INFO  o.e.m.c.i.embedder.EclipseLogger - Copying 1 resource
2024-04-04 15:44:45,542 [Worker-31: Building] INFO  o.e.m.c.i.embedder.EclipseLogger - Copying 0 resource
2024-04-04 15:44:45,546 [Worker-31: Building] INFO  o.e.m.c.i.embedder.EclipseLogger - Using 'UTF-8' encoding to copy filtered resources.
2024-04-04 15:44:45,546 [Worker-31: Building] INFO  o.e.m.c.i.embedder.EclipseLogger - skip non existing resourceDirectory C:\Users\jcrod\OneDrive\Desktop\Universidad\sextoSemestre\servicios\Corte2\ApacheCamell\ResolveEnigmaApi4\src\test\resources
2024-04-04 15:44:49,972 [Worker-31: Building] INFO  o.e.m.c.i.embedder.EclipseLogger - Using 'UTF-8' encoding to copy filtered resources.
2024-04-04 15:44:49,973 [Worker-31: Building] INFO  o.e.m.c.i.embedder.EclipseLogger - Copying 1 resource
2024-04-04 15:44:49,975 [Worker-31: Building] INFO  o.e.m.c.i.embedder.EclipseLogger - Copying 0 resource
2024-04-04 15:44:49,978 [Worker-31: Building] INFO  o.e.m.c.i.embedder.EclipseLogger - Using 'UTF-8' encoding to copy filtered resources.
2024-04-04 15:44:49,978 [Worker-31: Building] INFO  o.e.m.c.i.embedder.EclipseLogger - skip non existing resourceDirectory C:\Users\jcrod\OneDrive\Desktop\Universidad\sextoSemestre\servicios\Corte2\ApacheCamell\ResolveEnigmaApi4\src\test\resources
2024-04-04 15:47:49,476 [Worker-46: Building] INFO  o.e.m.c.i.embedder.EclipseLogger - Using 'UTF-8' encoding to copy filtered resources.
2024-04-04 15:47:49,477 [Worker-46: Building] INFO  o.e.m.c.i.embedder.EclipseLogger - Copying 1 resource
2024-04-04 15:47:49,479 [Worker-46: Building] INFO  o.e.m.c.i.embedder.EclipseLogger - Copying 0 resource
2024-04-04 15:47:49,481 [Worker-46: Building] INFO  o.e.m.c.i.embedder.EclipseLogger - Using 'UTF-8' encoding to copy filtered resources.
2024-04-04 15:47:49,481 [Worker-46: Building] INFO  o.e.m.c.i.embedder.EclipseLogger - skip non existing resourceDirectory C:\Users\jcrod\OneDrive\Desktop\Universidad\sextoSemestre\servicios\Corte2\ApacheCamell\ResolveEnigmaApi4\src\test\resources
2024-04-04 15:48:09,882 [Worker-22: Launching ResolveEnigmaApi4 - ResolveEnigmaApplication] INFO  o.e.m.c.i.p.WorkspaceClassifierResolverManager - Resolving P/ResolveEnigmaApi: co.com.rodriguezCaicedo.service.resolveEnigmaApi:resolve-enigma-api:1.0.0 with classifier null to /ResolveEnigmaApi/target/classes
2024-04-04 15:58:32,654 [Worker-53: Building] INFO  o.e.m.c.i.embedder.EclipseLogger - Using 'UTF-8' encoding to copy filtered resources.
2024-04-04 15:58:32,655 [Worker-53: Building] INFO  o.e.m.c.i.embedder.EclipseLogger - Copying 1 resource
2024-04-04 15:58:32,656 [Worker-53: Building] INFO  o.e.m.c.i.embedder.EclipseLogger - Copying 0 resource
2024-04-04 15:58:32,658 [Worker-53: Building] INFO  o.e.m.c.i.embedder.EclipseLogger - Using 'UTF-8' encoding to copy filtered resources.
2024-04-04 15:58:32,659 [Worker-53: Building] INFO  o.e.m.c.i.embedder.EclipseLogger - skip non existing resourceDirectory C:\Users\jcrod\OneDrive\Desktop\Universidad\sextoSemestre\servicios\Corte2\ApacheCamell\ResolveEnigmaApi4\src\test\resources
2024-04-04 15:58:50,866 [Worker-51: Building] INFO  o.e.m.c.i.embedder.EclipseLogger - Using 'UTF-8' encoding to copy filtered resources.
2024-04-04 15:58:50,867 [Worker-51: Building] INFO  o.e.m.c.i.embedder.EclipseLogger - Copying 1 resource
2024-04-04 15:58:50,868 [Worker-51: Building] INFO  o.e.m.c.i.embedder.EclipseLogger - Copying 0 resource
2024-04-04 15:58:50,870 [Worker-51: Building] INFO  o.e.m.c.i.embedder.EclipseLogger - Using 'UTF-8' encoding to copy filtered resources.
2024-04-04 15:58:50,871 [Worker-51: Building] INFO  o.e.m.c.i.embedder.EclipseLogger - skip non existing resourceDirectory C:\Users\jcrod\OneDrive\Desktop\Universidad\sextoSemestre\servicios\Corte2\ApacheCamell\ResolveEnigmaApi4\src\test\resources
2024-04-04 15:58:56,369 [Worker-51: Building] INFO  o.e.m.c.i.embedder.EclipseLogger - Using 'UTF-8' encoding to copy filtered resources.
2024-04-04 15:58:56,369 [Worker-51: Building] INFO  o.e.m.c.i.embedder.EclipseLogger - Copying 1 resource
2024-04-04 15:58:56,371 [Worker-51: Building] INFO  o.e.m.c.i.embedder.EclipseLogger - Copying 0 resource
2024-04-04 15:58:56,372 [Worker-51: Building] INFO  o.e.m.c.i.embedder.EclipseLogger - Using 'UTF-8' encoding to copy filtered resources.
2024-04-04 15:58:56,373 [Worker-51: Building] INFO  o.e.m.c.i.embedder.EclipseLogger - skip non existing resourceDirectory C:\Users\jcrod\OneDrive\Desktop\Universidad\sextoSemestre\servicios\Corte2\ApacheCamell\ResolveEnigmaApi4\src\test\resources
2024-04-04 16:01:59,460 [Worker-46: Launching ResolveEnigmaApi4 - ResolveEnigmaApplication] INFO  o.e.m.c.i.p.WorkspaceClassifierResolverManager - Resolving P/ResolveEnigmaApi: co.com.rodriguezCaicedo.service.resolveEnigmaApi:resolve-enigma-api:1.0.0 with classifier null to /ResolveEnigmaApi/target/classes
2024-04-04 16:05:56,156 [Worker-59: Building] INFO  o.e.m.c.i.embedder.EclipseLogger - Using 'UTF-8' encoding to copy filtered resources.
2024-04-04 16:05:56,157 [Worker-59: Building] INFO  o.e.m.c.i.embedder.EclipseLogger - Copying 1 resource
2024-04-04 16:05:56,160 [Worker-59: Building] INFO  o.e.m.c.i.embedder.EclipseLogger - Copying 0 resource
2024-04-04 16:05:56,163 [Worker-59: Building] INFO  o.e.m.c.i.embedder.EclipseLogger - Using 'UTF-8' encoding to copy filtered resources.
2024-04-04 16:05:56,163 [Worker-59: Building] INFO  o.e.m.c.i.embedder.EclipseLogger - skip non existing resourceDirectory C:\Users\jcrod\OneDrive\Desktop\Universidad\sextoSemestre\servicios\Corte2\ApacheCamell\ResolveEnigmaApi4\src\test\resources
2024-04-04 16:06:07,548 [Worker-59: Building] INFO  o.e.m.c.i.embedder.EclipseLogger - Using 'UTF-8' encoding to copy filtered resources.
2024-04-04 16:06:07,549 [Worker-59: Building] INFO  o.e.m.c.i.embedder.EclipseLogger - Copying 1 resource
2024-04-04 16:06:07,551 [Worker-59: Building] INFO  o.e.m.c.i.embedder.EclipseLogger - Copying 0 resource
2024-04-04 16:06:07,554 [Worker-59: Building] INFO  o.e.m.c.i.embedder.EclipseLogger - Using 'UTF-8' encoding to copy filtered resources.
2024-04-04 16:06:07,554 [Worker-59: Building] INFO  o.e.m.c.i.embedder.EclipseLogger - skip non existing resourceDirectory C:\Users\jcrod\OneDrive\Desktop\Universidad\sextoSemestre\servicios\Corte2\ApacheCamell\ResolveEnigmaApi4\src\test\resources
2024-04-04 16:10:37,819 [Worker-57: Building] INFO  o.e.m.c.i.embedder.EclipseLogger - Using 'UTF-8' encoding to copy filtered resources.
2024-04-04 16:10:37,820 [Worker-57: Building] INFO  o.e.m.c.i.embedder.EclipseLogger - Copying 1 resource
2024-04-04 16:10:37,822 [Worker-57: Building] INFO  o.e.m.c.i.embedder.EclipseLogger - Copying 0 resource
2024-04-04 16:10:37,826 [Worker-57: Building] INFO  o.e.m.c.i.embedder.EclipseLogger - Using 'UTF-8' encoding to copy filtered resources.
2024-04-04 16:10:37,826 [Worker-57: Building] INFO  o.e.m.c.i.embedder.EclipseLogger - skip non existing resourceDirectory C:\Users\jcrod\OneDrive\Desktop\Universidad\sextoSemestre\servicios\Corte2\ApacheCamell\ResolveEnigmaApi4\src\test\resources
2024-04-04 16:11:18,468 [Worker-59: Building] INFO  o.e.m.c.i.embedder.EclipseLogger - Using 'UTF-8' encoding to copy filtered resources.
2024-04-04 16:11:18,469 [Worker-59: Building] INFO  o.e.m.c.i.embedder.EclipseLogger - Copying 1 resource
2024-04-04 16:11:18,470 [Worker-59: Building] INFO  o.e.m.c.i.embedder.EclipseLogger - Copying 0 resource
2024-04-04 16:11:18,472 [Worker-59: Building] INFO  o.e.m.c.i.embedder.EclipseLogger - Using 'UTF-8' encoding to copy filtered resources.
2024-04-04 16:11:18,472 [Worker-59: Building] INFO  o.e.m.c.i.embedder.EclipseLogger - skip non existing resourceDirectory C:\Users\jcrod\OneDrive\Desktop\Universidad\sextoSemestre\servicios\Corte2\ApacheCamell\ResolveEnigmaApi4\src\test\resources
2024-04-04 16:11:22,885 [Worker-57: Launching ResolveEnigmaApi4 - ResolveEnigmaApplication] INFO  o.e.m.c.i.p.WorkspaceClassifierResolverManager - Resolving P/ResolveEnigmaApi: co.com.rodriguezCaicedo.service.resolveEnigmaApi:resolve-enigma-api:1.0.0 with classifier null to /ResolveEnigmaApi/target/classes
2024-04-04 16:14:12,214 [Worker-62: Building] INFO  o.e.m.c.i.embedder.EclipseLogger - Using 'UTF-8' encoding to copy filtered resources.
2024-04-04 16:14:12,215 [Worker-62: Building] INFO  o.e.m.c.i.embedder.EclipseLogger - Copying 1 resource
2024-04-04 16:14:12,218 [Worker-62: Building] INFO  o.e.m.c.i.embedder.EclipseLogger - Copying 0 resource
2024-04-04 16:14:12,221 [Worker-62: Building] INFO  o.e.m.c.i.embedder.EclipseLogger - Using 'UTF-8' encoding to copy filtered resources.
2024-04-04 16:14:12,223 [Worker-62: Building] INFO  o.e.m.c.i.embedder.EclipseLogger - skip non existing resourceDirectory C:\Users\jcrod\OneDrive\Desktop\Universidad\sextoSemestre\servicios\Corte2\ApacheCamell\ResolveEnigmaApi4\src\test\resources
2024-04-04 16:14:14,904 [Worker-62: Launching ResolveEnigmaApi4 - ResolveEnigmaApplication] INFO  o.e.m.c.i.p.WorkspaceClassifierResolverManager - Resolving P/ResolveEnigmaApi: co.com.rodriguezCaicedo.service.resolveEnigmaApi:resolve-enigma-api:1.0.0 with classifier null to /ResolveEnigmaApi/target/classes
2024-04-04 16:16:18,511 [Worker-65: Building] INFO  o.e.m.c.i.embedder.EclipseLogger - Using 'UTF-8' encoding to copy filtered resources.
2024-04-04 16:16:18,512 [Worker-65: Building] INFO  o.e.m.c.i.embedder.EclipseLogger - Copying 1 resource
2024-04-04 16:16:18,514 [Worker-65: Building] INFO  o.e.m.c.i.embedder.EclipseLogger - Copying 0 resource
2024-04-04 16:16:18,517 [Worker-65: Building] INFO  o.e.m.c.i.embedder.EclipseLogger - Using 'UTF-8' encoding to copy filtered resources.
2024-04-04 16:16:18,517 [Worker-65: Building] INFO  o.e.m.c.i.embedder.EclipseLogger - skip non existing resourceDirectory C:\Users\jcrod\OneDrive\Desktop\Universidad\sextoSemestre\servicios\Corte2\ApacheCamell\ResolveEnigmaApi4\src\test\resources
2024-04-04 16:16:21,112 [Worker-69: Launching ResolveEnigmaApi4 - ResolveEnigmaApplication] INFO  o.e.m.c.i.p.WorkspaceClassifierResolverManager - Resolving P/ResolveEnigmaApi: co.com.rodriguezCaicedo.service.resolveEnigmaApi:resolve-enigma-api:1.0.0 with classifier null to /ResolveEnigmaApi/target/classes
2024-04-04 16:16:26,990 [Worker-65: Building] INFO  o.e.m.c.i.embedder.EclipseLogger - Using 'UTF-8' encoding to copy filtered resources.
2024-04-04 16:16:26,991 [Worker-65: Building] INFO  o.e.m.c.i.embedder.EclipseLogger - Copying 1 resource
2024-04-04 16:16:26,993 [Worker-65: Building] INFO  o.e.m.c.i.embedder.EclipseLogger - Copying 0 resource
2024-04-04 16:16:26,997 [Worker-65: Building] INFO  o.e.m.c.i.embedder.EclipseLogger - Using 'UTF-8' encoding to copy filtered resources.
2024-04-04 16:16:26,997 [Worker-65: Building] INFO  o.e.m.c.i.embedder.EclipseLogger - skip non existing resourceDirectory C:\Users\jcrod\OneDrive\Desktop\Universidad\sextoSemestre\servicios\Corte2\ApacheCamell\ResolveEnigmaApi4\src\test\resources
2024-04-04 16:16:32,968 [Worker-69: Building] INFO  o.e.m.c.i.embedder.EclipseLogger - Using 'UTF-8' encoding to copy filtered resources.
2024-04-04 16:16:32,968 [Worker-69: Building] INFO  o.e.m.c.i.embedder.EclipseLogger - Copying 1 resource
2024-04-04 16:16:32,970 [Worker-69: Building] INFO  o.e.m.c.i.embedder.EclipseLogger - Copying 0 resource
2024-04-04 16:16:32,972 [Worker-69: Building] INFO  o.e.m.c.i.embedder.EclipseLogger - Using 'UTF-8' encoding to copy filtered resources.
2024-04-04 16:16:32,973 [Worker-69: Building] INFO  o.e.m.c.i.embedder.EclipseLogger - skip non existing resourceDirectory C:\Users\jcrod\OneDrive\Desktop\Universidad\sextoSemestre\servicios\Corte2\ApacheCamell\ResolveEnigmaApi4\src\test\resources
2024-04-04 16:16:34,283 [Worker-71: Building] INFO  o.e.m.c.i.embedder.EclipseLogger - Using 'UTF-8' encoding to copy filtered resources.
2024-04-04 16:16:34,284 [Worker-71: Building] INFO  o.e.m.c.i.embedder.EclipseLogger - Copying 1 resource
2024-04-04 16:16:34,285 [Worker-71: Building] INFO  o.e.m.c.i.embedder.EclipseLogger - Copying 0 resource
2024-04-04 16:16:34,288 [Worker-71: Building] INFO  o.e.m.c.i.embedder.EclipseLogger - Using 'UTF-8' encoding to copy filtered resources.
2024-04-04 16:16:34,288 [Worker-71: Building] INFO  o.e.m.c.i.embedder.EclipseLogger - skip non existing resourceDirectory C:\Users\jcrod\OneDrive\Desktop\Universidad\sextoSemestre\servicios\Corte2\ApacheCamell\ResolveEnigmaApi4\src\test\resources
2024-04-04 16:16:41,425 [Worker-71: Building] INFO  o.e.m.c.i.embedder.EclipseLogger - Using 'UTF-8' encoding to copy filtered resources.
2024-04-04 16:16:41,426 [Worker-71: Building] INFO  o.e.m.c.i.embedder.EclipseLogger - Copying 1 resource
2024-04-04 16:16:41,428 [Worker-71: Building] INFO  o.e.m.c.i.embedder.EclipseLogger - Copying 0 resource
2024-04-04 16:16:41,432 [Worker-71: Building] INFO  o.e.m.c.i.embedder.EclipseLogger - Using 'UTF-8' encoding to copy filtered resources.
2024-04-04 16:16:41,432 [Worker-71: Building] INFO  o.e.m.c.i.embedder.EclipseLogger - skip non existing resourceDirectory C:\Users\jcrod\OneDrive\Desktop\Universidad\sextoSemestre\servicios\Corte2\ApacheCamell\ResolveEnigmaApi4\src\test\resources
2024-04-04 16:16:55,826 [Worker-65: Building] INFO  o.e.m.c.i.embedder.EclipseLogger - Using 'UTF-8' encoding to copy filtered resources.
2024-04-04 16:16:55,827 [Worker-65: Building] INFO  o.e.m.c.i.embedder.EclipseLogger - Copying 1 resource
2024-04-04 16:16:55,828 [Worker-65: Building] INFO  o.e.m.c.i.embedder.EclipseLogger - Copying 0 resource
2024-04-04 16:16:55,831 [Worker-65: Building] INFO  o.e.m.c.i.embedder.EclipseLogger - Using 'UTF-8' encoding to copy filtered resources.
2024-04-04 16:16:55,831 [Worker-65: Building] INFO  o.e.m.c.i.embedder.EclipseLogger - skip non existing resourceDirectory C:\Users\jcrod\OneDrive\Desktop\Universidad\sextoSemestre\servicios\Corte2\ApacheCamell\ResolveEnigmaApi4\src\test\resources
2024-04-04 16:16:58,962 [Worker-71: Launching ResolveEnigmaApi4 - ResolveEnigmaApplication] INFO  o.e.m.c.i.p.WorkspaceClassifierResolverManager - Resolving P/ResolveEnigmaApi: co.com.rodriguezCaicedo.service.resolveEnigmaApi:resolve-enigma-api:1.0.0 with classifier null to /ResolveEnigmaApi/target/classes
2024-04-04 16:20:19,045 [Worker-72: Building] INFO  o.e.m.c.i.embedder.EclipseLogger - Using 'UTF-8' encoding to copy filtered resources.
2024-04-04 16:20:19,046 [Worker-72: Building] INFO  o.e.m.c.i.embedder.EclipseLogger - Copying 1 resource
2024-04-04 16:20:19,048 [Worker-72: Building] INFO  o.e.m.c.i.embedder.EclipseLogger - Copying 0 resource
2024-04-04 16:20:19,051 [Worker-72: Building] INFO  o.e.m.c.i.embedder.EclipseLogger - Using 'UTF-8' encoding to copy filtered resources.
2024-04-04 16:20:19,051 [Worker-72: Building] INFO  o.e.m.c.i.embedder.EclipseLogger - skip non existing resourceDirectory C:\Users\jcrod\OneDrive\Desktop\Universidad\sextoSemestre\servicios\Corte2\ApacheCamell\ResolveEnigmaApi4\src\test\resources
2024-04-04 16:20:26,449 [Worker-67: Building] INFO  o.e.m.c.i.embedder.EclipseLogger - Using 'UTF-8' encoding to copy filtered resources.
2024-04-04 16:20:26,450 [Worker-67: Building] INFO  o.e.m.c.i.embedder.EclipseLogger - Copying 1 resource
2024-04-04 16:20:26,451 [Worker-67: Building] INFO  o.e.m.c.i.embedder.EclipseLogger - Copying 0 resource
2024-04-04 16:20:26,453 [Worker-67: Building] INFO  o.e.m.c.i.embedder.EclipseLogger - Using 'UTF-8' encoding to copy filtered resources.
2024-04-04 16:20:26,453 [Worker-67: Building] INFO  o.e.m.c.i.embedder.EclipseLogger - skip non existing resourceDirectory C:\Users\jcrod\OneDrive\Desktop\Universidad\sextoSemestre\servicios\Corte2\ApacheCamell\ResolveEnigmaApi4\src\test\resources
2024-04-04 16:20:31,098 [Worker-69: Building] INFO  o.e.m.c.i.embedder.EclipseLogger - Using 'UTF-8' encoding to copy filtered resources.
2024-04-04 16:20:31,099 [Worker-69: Building] INFO  o.e.m.c.i.embedder.EclipseLogger - Copying 1 resource
2024-04-04 16:20:31,100 [Worker-69: Building] INFO  o.e.m.c.i.embedder.EclipseLogger - Copying 0 resource
2024-04-04 16:20:31,102 [Worker-69: Building] INFO  o.e.m.c.i.embedder.EclipseLogger - Using 'UTF-8' encoding to copy filtered resources.
2024-04-04 16:20:31,102 [Worker-69: Building] INFO  o.e.m.c.i.embedder.EclipseLogger - skip non existing resourceDirectory C:\Users\jcrod\OneDrive\Desktop\Universidad\sextoSemestre\servicios\Corte2\ApacheCamell\ResolveEnigmaApi4\src\test\resources
2024-04-04 16:22:57,138 [Worker-76: Building] INFO  o.e.m.c.i.embedder.EclipseLogger - Using 'UTF-8' encoding to copy filtered resources.
2024-04-04 16:22:57,139 [Worker-76: Building] INFO  o.e.m.c.i.embedder.EclipseLogger - Copying 1 resource
2024-04-04 16:22:57,141 [Worker-76: Building] INFO  o.e.m.c.i.embedder.EclipseLogger - Copying 0 resource
2024-04-04 16:22:57,142 [Worker-76: Building] INFO  o.e.m.c.i.embedder.EclipseLogger - Using 'UTF-8' encoding to copy filtered resources.
2024-04-04 16:22:57,143 [Worker-76: Building] INFO  o.e.m.c.i.embedder.EclipseLogger - skip non existing resourceDirectory C:\Users\jcrod\OneDrive\Desktop\Universidad\sextoSemestre\servicios\Corte2\ApacheCamell\ResolveEnigmaApi4\src\test\resources
2024-04-04 16:23:07,159 [Worker-75: Building] INFO  o.e.m.c.i.embedder.EclipseLogger - Using 'UTF-8' encoding to copy filtered resources.
2024-04-04 16:23:07,160 [Worker-75: Building] INFO  o.e.m.c.i.embedder.EclipseLogger - Copying 1 resource
2024-04-04 16:23:07,161 [Worker-75: Building] INFO  o.e.m.c.i.embedder.EclipseLogger - Copying 0 resource
2024-04-04 16:23:07,164 [Worker-75: Building] INFO  o.e.m.c.i.embedder.EclipseLogger - Using 'UTF-8' encoding to copy filtered resources.
2024-04-04 16:23:07,164 [Worker-75: Building] INFO  o.e.m.c.i.embedder.EclipseLogger - skip non existing resourceDirectory C:\Users\jcrod\OneDrive\Desktop\Universidad\sextoSemestre\servicios\Corte2\ApacheCamell\ResolveEnigmaApi4\src\test\resources
2024-04-04 16:23:11,630 [Worker-69: Building] INFO  o.e.m.c.i.embedder.EclipseLogger - Using 'UTF-8' encoding to copy filtered resources.
2024-04-04 16:23:11,631 [Worker-69: Building] INFO  o.e.m.c.i.embedder.EclipseLogger - Copying 1 resource
2024-04-04 16:23:11,633 [Worker-69: Building] INFO  o.e.m.c.i.embedder.EclipseLogger - Copying 0 resource
2024-04-04 16:23:11,636 [Worker-69: Building] INFO  o.e.m.c.i.embedder.EclipseLogger - Using 'UTF-8' encoding to copy filtered resources.
2024-04-04 16:23:11,637 [Worker-69: Building] INFO  o.e.m.c.i.embedder.EclipseLogger - skip non existing resourceDirectory C:\Users\jcrod\OneDrive\Desktop\Universidad\sextoSemestre\servicios\Corte2\ApacheCamell\ResolveEnigmaApi4\src\test\resources
2024-04-04 16:23:43,359 [Worker-72: Building] INFO  o.e.m.c.i.embedder.EclipseLogger - Using 'UTF-8' encoding to copy filtered resources.
2024-04-04 16:23:43,359 [Worker-72: Building] INFO  o.e.m.c.i.embedder.EclipseLogger - Copying 1 resource
2024-04-04 16:23:43,361 [Worker-72: Building] INFO  o.e.m.c.i.embedder.EclipseLogger - Copying 0 resource
2024-04-04 16:23:43,362 [Worker-72: Building] INFO  o.e.m.c.i.embedder.EclipseLogger - Using 'UTF-8' encoding to copy filtered resources.
2024-04-04 16:23:43,362 [Worker-72: Building] INFO  o.e.m.c.i.embedder.EclipseLogger - skip non existing resourceDirectory C:\Users\jcrod\OneDrive\Desktop\Universidad\sextoSemestre\servicios\Corte2\ApacheCamell\ResolveEnigmaApi4\src\test\resources
2024-04-04 16:23:45,941 [Worker-72: Launching ResolveEnigmaApi4 - ResolveEnigmaApplication] INFO  o.e.m.c.i.p.WorkspaceClassifierResolverManager - Resolving P/ResolveEnigmaApi: co.com.rodriguezCaicedo.service.resolveEnigmaApi:resolve-enigma-api:1.0.0 with classifier null to /ResolveEnigmaApi/target/classes
2024-04-04 16:25:42,195 [Worker-77: Building] INFO  o.e.m.c.i.embedder.EclipseLogger - Using 'UTF-8' encoding to copy filtered resources.
2024-04-04 16:25:42,196 [Worker-77: Building] INFO  o.e.m.c.i.embedder.EclipseLogger - Copying 1 resource
2024-04-04 16:25:42,199 [Worker-77: Building] INFO  o.e.m.c.i.embedder.EclipseLogger - Copying 0 resource
2024-04-04 16:25:42,202 [Worker-77: Building] INFO  o.e.m.c.i.embedder.EclipseLogger - Using 'UTF-8' encoding to copy filtered resources.
2024-04-04 16:25:42,202 [Worker-77: Building] INFO  o.e.m.c.i.embedder.EclipseLogger - skip non existing resourceDirectory C:\Users\jcrod\OneDrive\Desktop\Universidad\sextoSemestre\servicios\Corte2\ApacheCamell\ResolveEnigmaApi4\src\test\resources
2024-04-04 16:25:52,455 [Worker-78: Launching ResolveEnigmaApi4 - ResolveEnigmaApplication] INFO  o.e.m.c.i.p.WorkspaceClassifierResolverManager - Resolving P/ResolveEnigmaApi: co.com.rodriguezCaicedo.service.resolveEnigmaApi:resolve-enigma-api:1.0.0 with classifier null to /ResolveEnigmaApi/target/classes
